<?xml version="1.0" encoding="UTF-8"?>
<!-- Generated by org.testng.reporters.JUnitReportReporter -->
<testsuite hostname="Kumbuu" failures="0" tests="2" name="org.very.Greens" time="3.211" errors="0" timestamp="2024-09-11T17:35:20 IST" skipped="0">
  <testcase classname="org.very.Greens" name="Searchprodut" time="2.908"/>
  <testcase classname="org.very.Greens" name="selectproduct" time="0.303"/>
</testsuite> <!-- org.very.Greens -->
